[debug] [2026-03-22T20:56:18.583Z] ----------------------------------------------------------------------
[debug] [2026-03-22T20:56:18.584Z] Command:       /Users/salieri/.nvm/versions/node/v18.20.8/bin/node /Users/salieri/.nvm/versions/node/v18.20.8/bin/firebase deploy
[debug] [2026-03-22T20:56:18.584Z] CLI Version:   13.35.1
[debug] [2026-03-22T20:56:18.584Z] Platform:      darwin
[debug] [2026-03-22T20:56:18.584Z] Node Version:  v18.20.8
[debug] [2026-03-22T20:56:18.585Z] Time:          Sun Mar 22 2026 14:56:18 GMT-0600 (Central Standard Time)
[debug] [2026-03-22T20:56:18.585Z] ----------------------------------------------------------------------
[debug] 
[debug] [2026-03-22T20:56:18.586Z] >>> [apiv2][query] GET https://firebase-public.firebaseio.com/cli.json [none]
[debug] [2026-03-22T20:56:18.688Z] > command requires scopes: ["email","openid","https://www.googleapis.com/auth/cloudplatformprojects.readonly","https://www.googleapis.com/auth/firebase","https://www.googleapis.com/auth/cloud-platform"]
[debug] [2026-03-22T20:56:18.689Z] > authorizing via signed-in user (cocoyanomami@gmail.com)
[debug] [2026-03-22T20:56:18.689Z] [iam] checking project portafolio-damo for permissions ["firebase.projects.get","firebasehosting.sites.update"]
[debug] [2026-03-22T20:56:18.689Z] Checked if tokens are valid: false, expires at: 1773347828360
[debug] [2026-03-22T20:56:18.689Z] Checked if tokens are valid: false, expires at: 1773347828360
[debug] [2026-03-22T20:56:18.689Z] > refreshing access token with scopes: []
[debug] [2026-03-22T20:56:18.690Z] >>> [apiv2][query] POST https://www.googleapis.com/oauth2/v3/token [none]
[debug] [2026-03-22T20:56:18.690Z] >>> [apiv2][body] POST https://www.googleapis.com/oauth2/v3/token [omitted]
[debug] [2026-03-22T20:56:18.936Z] <<< [apiv2][status] GET https://firebase-public.firebaseio.com/cli.json 200
[debug] [2026-03-22T20:56:18.937Z] <<< [apiv2][body] GET https://firebase-public.firebaseio.com/cli.json {"cloudBuildErrorAfter":1594252800000,"cloudBuildWarnAfter":1590019200000,"defaultNode10After":1594252800000,"minVersion":"3.0.5","node8DeploysDisabledAfter":1613390400000,"node8RuntimeDisabledAfter":1615809600000,"node8WarnAfter":1600128000000}
[debug] [2026-03-22T20:56:18.956Z] <<< [apiv2][status] POST https://www.googleapis.com/oauth2/v3/token 200
[debug] [2026-03-22T20:56:18.956Z] <<< [apiv2][body] POST https://www.googleapis.com/oauth2/v3/token [omitted]
[debug] [2026-03-22T20:56:18.968Z] >>> [apiv2][query] POST https://cloudresourcemanager.googleapis.com/v1/projects/portafolio-damo:testIamPermissions [none]
[debug] [2026-03-22T20:56:18.968Z] >>> [apiv2][(partial)header] POST https://cloudresourcemanager.googleapis.com/v1/projects/portafolio-damo:testIamPermissions x-goog-quota-user=projects/portafolio-damo
[debug] [2026-03-22T20:56:18.968Z] >>> [apiv2][body] POST https://cloudresourcemanager.googleapis.com/v1/projects/portafolio-damo:testIamPermissions {"permissions":["firebase.projects.get","firebasehosting.sites.update"]}
[debug] [2026-03-22T20:56:19.550Z] <<< [apiv2][status] POST https://cloudresourcemanager.googleapis.com/v1/projects/portafolio-damo:testIamPermissions 200
[debug] [2026-03-22T20:56:19.550Z] <<< [apiv2][body] POST https://cloudresourcemanager.googleapis.com/v1/projects/portafolio-damo:testIamPermissions {}
[debug] [2026-03-22T20:56:19.551Z] [iam] error while checking permissions, command may fail: Authorization failed. This account is missing the following required permissions on project portafolio-damo:

  firebase.projects.get
  firebasehosting.sites.update
[debug] [2026-03-22T20:56:19.551Z] Checked if tokens are valid: true, expires at: 1774216577957
[debug] [2026-03-22T20:56:19.551Z] Checked if tokens are valid: true, expires at: 1774216577957
[debug] [2026-03-22T20:56:19.552Z] >>> [apiv2][query] GET https://firebase.googleapis.com/v1beta1/projects/portafolio-damo [none]
[debug] [2026-03-22T20:56:19.960Z] <<< [apiv2][status] GET https://firebase.googleapis.com/v1beta1/projects/portafolio-damo 403
[debug] [2026-03-22T20:56:19.960Z] <<< [apiv2][body] GET https://firebase.googleapis.com/v1beta1/projects/portafolio-damo {"error":{"code":403,"message":"The caller does not have permission","status":"PERMISSION_DENIED"}}
[debug] [2026-03-22T20:56:19.961Z] Request to https://firebase.googleapis.com/v1beta1/projects/portafolio-damo had HTTP Error: 403, The caller does not have permission
[debug] [2026-03-22T20:56:20.218Z] FirebaseError: Request to https://firebase.googleapis.com/v1beta1/projects/portafolio-damo had HTTP Error: 403, The caller does not have permission
    at responseToError (/Users/salieri/.nvm/versions/node/v18.20.8/lib/node_modules/firebase-tools/lib/responseToError.js:52:12)
    at RetryOperation._fn (/Users/salieri/.nvm/versions/node/v18.20.8/lib/node_modules/firebase-tools/lib/apiv2.js:312:77)
    at process.processTicksAndRejections (node:internal/process/task_queues:95:5)
[error] 
[error] Error: Failed to get Firebase project portafolio-damo. Please make sure the project exists and your account has permission to access it.
